#
# There is insufficient memory for the Java Runtime Environment to continue.
# Native memory allocation (malloc) failed to allocate 32744 bytes for ChunkPool::allocate
# Possible reasons:
#   The system is out of physical RAM or swap space
#   The process is running with CompressedOops enabled, and the Java Heap may be blocking the growth of the native heap
# Possible solutions:
#   Reduce memory load on the system
#   Increase physical memory or swap space
#   Check if swap backing store is full
#   Decrease Java heap size (-Xmx/-Xms)
#   Decrease number of Java threads
#   Decrease Java thread stack sizes (-Xss)
#   Set larger code cache with -XX:ReservedCodeCacheSize=
#   JVM is running with Unscaled Compressed Oops mode in which the Java heap is
#     placed in the first 4GB address space. The Java Heap base address is the
#     maximum limit for the native heap growth. Please use -XX:HeapBaseMinAddress
#     to set the Java Heap base and to place the Java Heap above 4GB virtual address.
# This output file may be truncated or incomplete.
#
#  Out of Memory Error (allocation.cpp:272), pid=12548, tid=0x0000000000001194
#
# JRE version: Java(TM) SE Runtime Environment (8.0_241-b07) (build 1.8.0_241-b07)
# Java VM: Java HotSpot(TM) 64-Bit Server VM (25.241-b07 mixed mode windows-amd64 compressed oops)
# Failed to write core dump. Minidumps are not enabled by default on client versions of Windows
#

---------------  T H R E A D  ---------------

Current thread (0x000000001987d800):  JavaThread "C2 CompilerThread2" daemon [_thread_in_native, id=4500, stack(0x000000001a240000,0x000000001a340000)]

Stack: [0x000000001a240000,0x000000001a340000]
[error occurred during error reporting (printing stack bounds), id 0xc0000005]

Native frames: (J=compiled Java code, j=interpreted, Vv=VM code, C=native code)


Current CompileTask:
C2:  10659 5062       4       org.springframework.core.annotation.AnnotationsScanner::scan (20 bytes)


---------------  P R O C E S S  ---------------

Java Threads: ( => current thread )
  0x000000001b2b3000 JavaThread "container-0" [_thread_blocked, id=6700, stack(0x0000000021250000,0x0000000021350000)]
  0x000000001b2b2800 JavaThread "Catalina-utility-2" [_thread_blocked, id=8200, stack(0x000000001e790000,0x000000001e890000)]
  0x000000001b2b4000 JavaThread "Catalina-utility-1" [_thread_blocked, id=9484, stack(0x000000001e460000,0x000000001e560000)]
  0x000000001b2b5800 JavaThread "mysql-cj-abandoned-connection-cleanup" daemon [_thread_blocked, id=17532, stack(0x000000001d820000,0x000000001d920000)]
  0x000000001b499000 JavaThread "restartedMain" [_thread_in_Java, id=8628, stack(0x000000001c050000,0x000000001c150000)]
  0x000000001b811800 JavaThread "Thread-0" [_thread_blocked, id=7948, stack(0x000000001bf50000,0x000000001c050000)]
  0x0000000019907000 JavaThread "Service Thread" daemon [_thread_blocked, id=1676, stack(0x000000001a440000,0x000000001a540000)]
  0x0000000019881000 JavaThread "C1 CompilerThread3" daemon [_thread_in_vm, id=2824, stack(0x000000001a340000,0x000000001a440000)]
=>0x000000001987d800 JavaThread "C2 CompilerThread2" daemon [_thread_in_native, id=4500, stack(0x000000001a240000,0x000000001a340000)]
  0x0000000019877000 JavaThread "C2 CompilerThread1" daemon [_thread_in_native, id=2512, stack(0x000000001a140000,0x000000001a240000)]
  0x0000000019873000 JavaThread "C2 CompilerThread0" daemon [_thread_in_native, id=17456, stack(0x000000001a040000,0x000000001a140000)]
  0x0000000019871000 JavaThread "Attach Listener" daemon [_thread_blocked, id=9736, stack(0x0000000019f40000,0x000000001a040000)]
  0x000000001986f000 JavaThread "Signal Dispatcher" daemon [_thread_blocked, id=17228, stack(0x0000000019e40000,0x0000000019f40000)]
  0x0000000019860800 JavaThread "Finalizer" daemon [_thread_blocked, id=3536, stack(0x0000000019c40000,0x0000000019d40000)]
  0x0000000002a7d000 JavaThread "Reference Handler" daemon [_thread_blocked, id=17776, stack(0x0000000019740000,0x0000000019840000)]
  0x0000000002987800 JavaThread "main" [_thread_blocked, id=3092, stack(0x0000000002860000,0x0000000002960000)]

Other Threads:
  0x000000001793a000 VMThread [stack: 0x0000000019640000,0x0000000019740000] [id=5696]
  0x000000001993b800 WatcherThread [stack: 0x000000001a540000,0x000000001a640000] [id=17348]

VM state:not at safepoint (normal execution)

VM Mutex/Monitor currently owned by a thread: None

heap address: 0x0000000082e00000, size: 2002 MB, Compressed Oops mode: 32-bit
Narrow klass base: 0x0000000000000000, Narrow klass shift: 3
Compressed class space size: 1073741824 Address: 0x0000000100000000

Heap:
 PSYoungGen      total 173568K, used 40729K [0x00000000d6500000, 0x00000000e3980000, 0x0000000100000000)
  eden space 162816K, 18% used [0x00000000d6500000,0x00000000d82481e0,0x00000000e0400000)
  from space 10752K, 99% used [0x00000000e1180000,0x00000000e1bfe3c0,0x00000000e1c00000)
  to   space 13824K, 0% used [0x00000000e0400000,0x00000000e0400000,0x00000000e1180000)
 ParOldGen       total 84480K, used 57956K [0x0000000082e00000, 0x0000000088080000, 0x00000000d6500000)
  object space 84480K, 68% used [0x0000000082e00000,0x0000000086699138,0x0000000088080000)
 Metaspace       used 55621K, capacity 57984K, committed 58112K, reserved 1099776K
  class space    used 7710K, capacity 8183K, committed 8192K, reserved 1048576K

Card table byte_map: [0x0000000011e40000,0x0000000012230000] byte_map_base: 0x0000000011a29000

Marking Bits: (ParMarkBitMap*) 0x000000006335be30
 Begin Bits: [0x0000000012cd0000, 0x0000000014c18000)
 End Bits:   [0x0000000014c18000, 0x0000000016b60000)

Polling page: 0x0000000000ef0000

CodeCache: size=245760Kb used=17218Kb max_used=17218Kb free=228541Kb
 bounds [0x0000000002a80000, 0x0000000003b70000, 0x0000000011a80000]
 total_blobs=5174 nmethods=4612 adapters=473
 compilation: enabled

Compilation events (10 events):
Event: 10.654 Thread 0x0000000019881000 nmethod 5301 0x0000000003b59c10 code [0x0000000003b59da0, 0x0000000003b5a108]
Event: 10.654 Thread 0x0000000019881000 5302       3       com.sun.org.apache.xalan.internal.utils.SecuritySupport$4::<init> (10 bytes)
Event: 10.654 Thread 0x0000000019881000 nmethod 5302 0x0000000003b5a250 code [0x0000000003b5a3a0, 0x0000000003b5a570]
Event: 10.656 Thread 0x0000000019881000 5303       3       org.springframework.beans.factory.support.AbstractBeanFactory$$Lambda$168/2005679928::getObject (20 bytes)
Event: 10.656 Thread 0x0000000019881000 nmethod 5303 0x0000000003b5a610 code [0x0000000003b5a7a0, 0x0000000003b5ab38]
Event: 10.657 Thread 0x0000000019881000 5305       3       org.springframework.cglib.core.ReflectUtils::getSignature (73 bytes)
Event: 10.657 Thread 0x0000000019881000 nmethod 5305 0x0000000003b5acd0 code [0x0000000003b5af00, 0x0000000003b5ba38]
Event: 10.657 Thread 0x0000000019881000 5306       3       org.springframework.cglib.core.CodeEmitter::push (9 bytes)
Event: 10.657 Thread 0x0000000019881000 nmethod 5306 0x0000000003b5bd50 code [0x0000000003b5bec0, 0x0000000003b5c0e8]
Event: 10.657 Thread 0x0000000019881000 5307       3       org.springframework.asm.SymbolTable::addConstantString (8 bytes)

GC Heap History (10 events):
Event: 6.075 GC heap before
{Heap before GC invocations=10 (full 2):
 PSYoungGen      total 173568K, used 10738K [0x00000000d6500000, 0x00000000e3980000, 0x0000000100000000)
  eden space 162816K, 0% used [0x00000000d6500000,0x00000000d6500000,0x00000000e0400000)
  from space 10752K, 99% used [0x00000000e1180000,0x00000000e1bfc930,0x00000000e1c00000)
  to   space 13824K, 0% used [0x00000000e0400000,0x00000000e0400000,0x00000000e1180000)
 ParOldGen       total 59392K, used 14270K [0x0000000082e00000, 0x0000000086800000, 0x00000000d6500000)
  object space 59392K, 24% used [0x0000000082e00000,0x0000000083befa00,0x0000000086800000)
 Metaspace       used 33720K, capacity 35388K, committed 35496K, reserved 1079296K
  class space    used 4475K, capacity 4765K, committed 4864K, reserved 1048576K
Event: 6.128 GC heap after
Heap after GC invocations=10 (full 2):
 PSYoungGen      total 173568K, used 0K [0x00000000d6500000, 0x00000000e3980000, 0x0000000100000000)
  eden space 162816K, 0% used [0x00000000d6500000,0x00000000d6500000,0x00000000e0400000)
  from space 10752K, 0% used [0x00000000e1180000,0x00000000e1180000,0x00000000e1c00000)
  to   space 13824K, 0% used [0x00000000e0400000,0x00000000e0400000,0x00000000e1180000)
 ParOldGen       total 84480K, used 17945K [0x0000000082e00000, 0x0000000088080000, 0x00000000d6500000)
  object space 84480K, 21% used [0x0000000082e00000,0x0000000083f864e0,0x0000000088080000)
 Metaspace       used 33720K, capacity 35388K, committed 35496K, reserved 1079296K
  class space    used 4475K, capacity 4765K, committed 4864K, reserved 1048576K
}
Event: 7.013 GC heap before
{Heap before GC invocations=11 (full 2):
 PSYoungGen      total 173568K, used 162816K [0x00000000d6500000, 0x00000000e3980000, 0x0000000100000000)
  eden space 162816K, 100% used [0x00000000d6500000,0x00000000e0400000,0x00000000e0400000)
  from space 10752K, 0% used [0x00000000e1180000,0x00000000e1180000,0x00000000e1c00000)
  to   space 13824K, 0% used [0x00000000e0400000,0x00000000e0400000,0x00000000e1180000)
 ParOldGen       total 84480K, used 17945K [0x0000000082e00000, 0x0000000088080000, 0x00000000d6500000)
  object space 84480K, 21% used [0x0000000082e00000,0x0000000083f864e0,0x0000000088080000)
 Metaspace       used 38037K, capacity 39974K, committed 40064K, reserved 1083392K
  class space    used 5120K, capacity 5490K, committed 5504K, reserved 1048576K
Event: 7.049 GC heap after
Heap after GC invocations=11 (full 2):
 PSYoungGen      total 176640K, used 8459K [0x00000000d6500000, 0x00000000e3980000, 0x0000000100000000)
  eden space 162816K, 0% used [0x00000000d6500000,0x00000000d6500000,0x00000000e0400000)
  from space 13824K, 61% used [0x00000000e0400000,0x00000000e0c42c88,0x00000000e1180000)
  to   space 10752K, 0% used [0x00000000e1180000,0x00000000e1180000,0x00000000e1c00000)
 ParOldGen       total 84480K, used 17953K [0x0000000082e00000, 0x0000000088080000, 0x00000000d6500000)
  object space 84480K, 21% used [0x0000000082e00000,0x0000000083f884e0,0x0000000088080000)
 Metaspace       used 38037K, capacity 39974K, committed 40064K, reserved 1083392K
  class space    used 5120K, capacity 5490K, committed 5504K, reserved 1048576K
}
Event: 7.827 GC heap before
{Heap before GC invocations=12 (full 2):
 PSYoungGen      total 176640K, used 171275K [0x00000000d6500000, 0x00000000e3980000, 0x0000000100000000)
  eden space 162816K, 100% used [0x00000000d6500000,0x00000000e0400000,0x00000000e0400000)
  from space 13824K, 61% used [0x00000000e0400000,0x00000000e0c42c88,0x00000000e1180000)
  to   space 10752K, 0% used [0x00000000e1180000,0x00000000e1180000,0x00000000e1c00000)
 ParOldGen       total 84480K, used 17953K [0x0000000082e00000, 0x0000000088080000, 0x00000000d6500000)
  object space 84480K, 21% used [0x0000000082e00000,0x0000000083f884e0,0x0000000088080000)
 Metaspace       used 40113K, capacity 42148K, committed 42240K, reserved 1085440K
  class space    used 5479K, capacity 5887K, committed 5888K, reserved 1048576K
Event: 7.842 GC heap after
Heap after GC invocations=12 (full 2):
 PSYoungGen      total 173568K, used 10721K [0x00000000d6500000, 0x00000000e3980000, 0x0000000100000000)
  eden space 162816K, 0% used [0x00000000d6500000,0x00000000d6500000,0x00000000e0400000)
  from space 10752K, 99% used [0x00000000e1180000,0x00000000e1bf85d8,0x00000000e1c00000)
  to   space 13824K, 0% used [0x00000000e0400000,0x00000000e0400000,0x00000000e1180000)
 ParOldGen       total 84480K, used 29025K [0x0000000082e00000, 0x0000000088080000, 0x00000000d6500000)
  object space 84480K, 34% used [0x0000000082e00000,0x0000000084a58420,0x0000000088080000)
 Metaspace       used 40113K, capacity 42148K, committed 42240K, reserved 1085440K
  class space    used 5479K, capacity 5887K, committed 5888K, reserved 1048576K
}
Event: 8.688 GC heap before
{Heap before GC invocations=13 (full 2):
 PSYoungGen      total 173568K, used 173537K [0x00000000d6500000, 0x00000000e3980000, 0x0000000100000000)
  eden space 162816K, 100% used [0x00000000d6500000,0x00000000e0400000,0x00000000e0400000)
  from space 10752K, 99% used [0x00000000e1180000,0x00000000e1bf85d8,0x00000000e1c00000)
  to   space 13824K, 0% used [0x00000000e0400000,0x00000000e0400000,0x00000000e1180000)
 ParOldGen       total 84480K, used 29025K [0x0000000082e00000, 0x0000000088080000, 0x00000000d6500000)
  object space 84480K, 34% used [0x0000000082e00000,0x0000000084a58420,0x0000000088080000)
 Metaspace       used 40142K, capacity 42158K, committed 42240K, reserved 1085440K
  class space    used 5488K, capacity 5888K, committed 5888K, reserved 1048576K
Event: 8.709 GC heap after
Heap after GC invocations=13 (full 2):
 PSYoungGen      total 176640K, used 13805K [0x00000000d6500000, 0x00000000e3980000, 0x0000000100000000)
  eden space 162816K, 0% used [0x00000000d6500000,0x00000000d6500000,0x00000000e0400000)
  from space 13824K, 99% used [0x00000000e0400000,0x00000000e117b4b0,0x00000000e1180000)
  to   space 10752K, 0% used [0x00000000e1180000,0x00000000e1180000,0x00000000e1c00000)
 ParOldGen       total 84480K, used 46941K [0x0000000082e00000, 0x0000000088080000, 0x00000000d6500000)
  object space 84480K, 55% used [0x0000000082e00000,0x0000000085bd7688,0x0000000088080000)
 Metaspace       used 40142K, capacity 42158K, committed 42240K, reserved 1085440K
  class space    used 5488K, capacity 5888K, committed 5888K, reserved 1048576K
}
Event: 10.256 GC heap before
{Heap before GC invocations=14 (full 2):
 PSYoungGen      total 176640K, used 176621K [0x00000000d6500000, 0x00000000e3980000, 0x0000000100000000)
  eden space 162816K, 100% used [0x00000000d6500000,0x00000000e0400000,0x00000000e0400000)
  from space 13824K, 99% used [0x00000000e0400000,0x00000000e117b4b0,0x00000000e1180000)
  to   space 10752K, 0% used [0x00000000e1180000,0x00000000e1180000,0x00000000e1c00000)
 ParOldGen       total 84480K, used 46941K [0x0000000082e00000, 0x0000000088080000, 0x00000000d6500000)
  object space 84480K, 55% used [0x0000000082e00000,0x0000000085bd7688,0x0000000088080000)
 Metaspace       used 53820K, capacity 56074K, committed 56320K, reserved 1097728K
  class space    used 7480K, capacity 7906K, committed 7936K, reserved 1048576K
Event: 10.269 GC heap after
Heap after GC invocations=14 (full 2):
 PSYoungGen      total 173568K, used 10744K [0x00000000d6500000, 0x00000000e3980000, 0x0000000100000000)
  eden space 162816K, 0% used [0x00000000d6500000,0x00000000d6500000,0x00000000e0400000)
  from space 10752K, 99% used [0x00000000e1180000,0x00000000e1bfe3c0,0x00000000e1c00000)
  to   space 13824K, 0% used [0x00000000e0400000,0x00000000e0400000,0x00000000e1180000)
 ParOldGen       total 84480K, used 57956K [0x0000000082e00000, 0x0000000088080000, 0x00000000d6500000)
  object space 84480K, 68% used [0x0000000082e00000,0x0000000086699138,0x0000000088080000)
 Metaspace       used 53820K, capacity 56074K, committed 56320K, reserved 1097728K
  class space    used 7480K, capacity 7906K, committed 7936K, reserved 1048576K
}

Deoptimization events (10 events):
Event: 10.424 Thread 0x000000001b499000 Uncommon trap: reason=class_check action=maybe_recompile pc=0x00000000034d8564 method=org.springframework.asm.ClassReader.readField(Lorg/springframework/asm/ClassVisitor;Lorg/springframework/asm/Context;I)I @ 331
Event: 10.424 Thread 0x000000001b499000 Uncommon trap: reason=class_check action=maybe_recompile pc=0x00000000034d8564 method=org.springframework.asm.ClassReader.readField(Lorg/springframework/asm/ClassVisitor;Lorg/springframework/asm/Context;I)I @ 331
Event: 10.424 Thread 0x000000001b499000 Uncommon trap: reason=class_check action=maybe_recompile pc=0x00000000034d8564 method=org.springframework.asm.ClassReader.readField(Lorg/springframework/asm/ClassVisitor;Lorg/springframework/asm/Context;I)I @ 331
Event: 10.424 Thread 0x000000001b499000 Uncommon trap: reason=class_check action=maybe_recompile pc=0x00000000038b9a7c method=org.springframework.asm.ClassReader.readMethod(Lorg/springframework/asm/ClassVisitor;Lorg/springframework/asm/Context;I)I @ 1035
Event: 10.456 Thread 0x000000001b499000 Uncommon trap: reason=null_check action=make_not_entrant pc=0x0000000003abe17c method=org.springframework.beans.factory.support.DefaultSingletonBeanRegistry.getSingleton(Ljava/lang/String;Z)Ljava/lang/Object; @ 60
Event: 10.547 Thread 0x000000001b499000 Uncommon trap: reason=bimorphic action=maybe_recompile pc=0x000000000352001c method=org.springframework.core.annotation.TypeMappedAnnotation.getValue(IZZ)Ljava/lang/Object; @ 121
Event: 10.555 Thread 0x000000001b499000 Uncommon trap: reason=bimorphic action=maybe_recompile pc=0x000000000352001c method=org.springframework.core.annotation.TypeMappedAnnotation.getValue(IZZ)Ljava/lang/Object; @ 121
Event: 10.564 Thread 0x000000001b499000 Uncommon trap: reason=bimorphic action=maybe_recompile pc=0x00000000036000a0 method=org.springframework.beans.factory.support.AbstractBeanFactory.isSingleton(Ljava/lang/String;)Z @ 35
Event: 10.570 Thread 0x000000001b499000 Uncommon trap: reason=bimorphic action=maybe_recompile pc=0x000000000352001c method=org.springframework.core.annotation.TypeMappedAnnotation.getValue(IZZ)Ljava/lang/Object; @ 121
Event: 10.570 Thread 0x000000001b499000 Uncommon trap: reason=bimorphic action=maybe_recompile pc=0x0000000003509dec method=org.springframework.core.annotation.TypeMappedAnnotation.getValue(IZZ)Ljava/lang/Object; @ 121

Classes redefined (0 events):
No events

Internal exceptions (10 events):
Event: 6.855 Thread 0x000000001b499000 Exception <a 'java/lang/ClassNotFoundException': org/springframework/beans/factory/AwareCustomizer> (0x00000000dfa63488) thrown at [C:\ade\jenkins\workspace\8-2-build-windows-amd64-cygwin\jdk8u241\331\hotspot\src\share\vm\classfile\systemDictionary.cpp, l
Event: 6.856 Thread 0x000000001b499000 Exception <a 'java/lang/ClassNotFoundException': org/springframework/context/ApplicationContextAwareCustomizer> (0x00000000dfa81ab0) thrown at [C:\ade\jenkins\workspace\8-2-build-windows-amd64-cygwin\jdk8u241\331\hotspot\src\share\vm\classfile\systemDicti
Event: 6.857 Thread 0x000000001b499000 Exception <a 'java/lang/ClassNotFoundException': org/springframework/beans/factory/AwareCustomizer> (0x00000000dfa9d1e0) thrown at [C:\ade\jenkins\workspace\8-2-build-windows-amd64-cygwin\jdk8u241\331\hotspot\src\share\vm\classfile\systemDictionary.cpp, l
Event: 6.858 Thread 0x000000001b499000 Exception <a 'java/lang/ClassNotFoundException': org/springframework/web/context/ServletContextAwareCustomizer> (0x00000000dfabb7e8) thrown at [C:\ade\jenkins\workspace\8-2-build-windows-amd64-cygwin\jdk8u241\331\hotspot\src\share\vm\classfile\systemDicti
Event: 6.858 Thread 0x000000001b499000 Exception <a 'java/lang/ClassNotFoundException': org/springframework/beans/factory/AwareCustomizer> (0x00000000dfad6988) thrown at [C:\ade\jenkins\workspace\8-2-build-windows-amd64-cygwin\jdk8u241\331\hotspot\src\share\vm\classfile\systemDictionary.cpp, l
Event: 9.374 Thread 0x000000001b499000 Implicit null exception at 0x00000000036ea06a to 0x00000000036ea2dd
Event: 10.343 Thread 0x000000001b499000 Exception <a 'java/net/BindException': Address already in use: JVM_Bind> (0x00000000d6d9fb78) thrown at [C:\ade\jenkins\workspace\8-2-build-windows-amd64-cygwin\jdk8u241\331\hotspot\src\share\vm\prims\jni.cpp, line 736]
Event: 10.362 Thread 0x000000001b499000 Exception <a 'java/lang/NoSuchMethodError': java.lang.Object.empty()Ljava/util/stream/Stream;> (0x00000000d6ecae30) thrown at [C:\ade\jenkins\workspace\8-2-build-windows-amd64-cygwin\jdk8u241\331\hotspot\src\share\vm\interpreter\linkResolver.cpp, line 620
Event: 10.415 Thread 0x000000001b499000 Implicit null exception at 0x0000000003272c8f to 0x0000000003272cfd
Event: 10.456 Thread 0x000000001b499000 Implicit null exception at 0x0000000003abd514 to 0x0000000003abe15d

Events (10 events):
Event: 10.654 loading class org/springframework/http/converter/xml/MappingJackson2XmlHttpMessageConverter
Event: 10.654 loading class org/springframework/http/converter/xml/MappingJackson2XmlHttpMessageConverter done
Event: 10.655 loading class com/jayway/jsonpath/DocumentContext
Event: 10.655 loading class com/jayway/jsonpath/DocumentContext done
Event: 10.655 loading class com/jayway/jsonpath$DocumentContext
Event: 10.655 loading class com/jayway/jsonpath$DocumentContext done
Event: 10.655 loading class org/xmlbeam/XBProjector
Event: 10.655 loading class org/xmlbeam/XBProjector done
Event: 10.655 loading class org/xmlbeam$XBProjector
Event: 10.655 loading class org/xmlbeam$XBProjector done


Dynamic libraries:
0x00007ff79bba0000 - 0x00007ff79bbd7000 	C:\Program Files\Java\jre1.8.0_241\bin\javaw.exe
0x00007ffeac5e0000 - 0x00007ffeac7d0000 	C:\WINDOWS\SYSTEM32\ntdll.dll
0x00007ffeaaee0000 - 0x00007ffeaaf92000 	C:\WINDOWS\System32\KERNEL32.DLL
0x00007ffea9650000 - 0x00007ffea98f3000 	C:\WINDOWS\System32\KERNELBASE.dll
0x00007ffeaae30000 - 0x00007ffeaaed3000 	C:\WINDOWS\System32\ADVAPI32.dll
0x00007ffeac500000 - 0x00007ffeac59e000 	C:\WINDOWS\System32\msvcrt.dll
0x00007ffeaafa0000 - 0x00007ffeab037000 	C:\WINDOWS\System32\sechost.dll
0x00007ffeaa8a0000 - 0x00007ffeaa9c0000 	C:\WINDOWS\System32\RPCRT4.dll
0x00007ffeab040000 - 0x00007ffeab1d4000 	C:\WINDOWS\System32\USER32.dll
0x00007ffea9620000 - 0x00007ffea9641000 	C:\WINDOWS\System32\win32u.dll
0x00007ffeab850000 - 0x00007ffeab876000 	C:\WINDOWS\System32\GDI32.dll
0x00007ffea9ba0000 - 0x00007ffea9d34000 	C:\WINDOWS\System32\gdi32full.dll
0x00007ffea9980000 - 0x00007ffea9a1e000 	C:\WINDOWS\System32\msvcp_win.dll
0x00007ffeaa4c0000 - 0x00007ffeaa5ba000 	C:\WINDOWS\System32\ucrtbase.dll
0x00007ffe86070000 - 0x00007ffe862f5000 	C:\WINDOWS\WinSxS\amd64_microsoft.windows.common-controls_6595b64144ccf1df_6.0.18362.720_none_e6beb5c51314836b\COMCTL32.dll
0x00007ffeac1c0000 - 0x00007ffeac4f6000 	C:\WINDOWS\System32\combase.dll
0x00007ffeaa610000 - 0x00007ffeaa690000 	C:\WINDOWS\System32\bcryptPrimitives.dll
0x00007ffeaa6f0000 - 0x00007ffeaa71e000 	C:\WINDOWS\System32\IMM32.DLL
0x0000000062a50000 - 0x0000000062b22000 	C:\Program Files\Java\jre1.8.0_241\bin\msvcr100.dll
0x0000000062b30000 - 0x00000000633dc000 	C:\Program Files\Java\jre1.8.0_241\bin\server\jvm.dll
0x00007ffeab410000 - 0x00007ffeab418000 	C:\WINDOWS\System32\PSAPI.DLL
0x00007ffea27d0000 - 0x00007ffea27d9000 	C:\WINDOWS\SYSTEM32\WSOCK32.dll
0x00007ffeaa830000 - 0x00007ffeaa89f000 	C:\WINDOWS\System32\WS2_32.dll
0x00007ffea6c60000 - 0x00007ffea6c84000 	C:\WINDOWS\SYSTEM32\WINMM.dll
0x00007ffea09a0000 - 0x00007ffea09aa000 	C:\WINDOWS\SYSTEM32\VERSION.dll
0x00007ffea6c30000 - 0x00007ffea6c5d000 	C:\WINDOWS\SYSTEM32\WINMMBASE.dll
0x00007ffeaa5c0000 - 0x00007ffeaa60a000 	C:\WINDOWS\System32\cfgmgr32.dll
0x00007ffe95620000 - 0x00007ffe9562f000 	C:\Program Files\Java\jre1.8.0_241\bin\verify.dll
0x00007ffe66c00000 - 0x00007ffe66c29000 	C:\Program Files\Java\jre1.8.0_241\bin\java.dll
0x00007ffe7f490000 - 0x00007ffe7f4a6000 	C:\Program Files\Java\jre1.8.0_241\bin\zip.dll
0x00007ffeaba70000 - 0x00007ffeac155000 	C:\WINDOWS\System32\SHELL32.dll
0x00007ffeab880000 - 0x00007ffeab929000 	C:\WINDOWS\System32\shcore.dll
0x00007ffea9d40000 - 0x00007ffeaa4c0000 	C:\WINDOWS\System32\windows.storage.dll
0x00007ffea94d0000 - 0x00007ffea94f3000 	C:\WINDOWS\System32\profapi.dll
0x00007ffea9520000 - 0x00007ffea956a000 	C:\WINDOWS\System32\powrprof.dll
0x00007ffea94a0000 - 0x00007ffea94b0000 	C:\WINDOWS\System32\UMPDC.dll
0x00007ffeaa690000 - 0x00007ffeaa6e2000 	C:\WINDOWS\System32\shlwapi.dll
0x00007ffea94b0000 - 0x00007ffea94c1000 	C:\WINDOWS\System32\kernel.appcore.dll
0x00007ffea9960000 - 0x00007ffea9977000 	C:\WINDOWS\System32\cryptsp.dll
0x00007ffe72840000 - 0x00007ffe7285a000 	C:\Program Files\Java\jre1.8.0_241\bin\net.dll
0x00007ffea8d10000 - 0x00007ffea8d77000 	C:\WINDOWS\system32\mswsock.dll
0x00007ffea8a20000 - 0x00007ffea8a5a000 	C:\WINDOWS\SYSTEM32\IPHLPAPI.DLL
0x00007ffeab4a0000 - 0x00007ffeab4a8000 	C:\WINDOWS\System32\NSI.dll
0x00007ffe9deb0000 - 0x00007ffe9dec6000 	C:\WINDOWS\SYSTEM32\dhcpcsvc6.DLL
0x00007ffe9f670000 - 0x00007ffe9f68c000 	C:\WINDOWS\SYSTEM32\dhcpcsvc.DLL
0x00007ffea8a60000 - 0x00007ffea8b2a000 	C:\WINDOWS\SYSTEM32\DNSAPI.dll
0x00007ffea1cc0000 - 0x00007ffea1cca000 	C:\Windows\System32\rasadhlp.dll
0x00007ffe9b510000 - 0x00007ffe9b587000 	C:\WINDOWS\System32\fwpuclnt.dll
0x00007ffea9a20000 - 0x00007ffea9a46000 	C:\WINDOWS\System32\bcrypt.dll
0x00007ffea7180000 - 0x00007ffea718d000 	C:\Program Files\Java\jre1.8.0_241\bin\management.dll
0x00007ffe89c60000 - 0x00007ffe89c76000 	C:\WINDOWS\system32\napinsp.dll
0x00007ffe89c40000 - 0x00007ffe89c5a000 	C:\WINDOWS\system32\pnrpnsp.dll
0x00007ffe89a60000 - 0x00007ffe89a6e000 	C:\WINDOWS\System32\winrnr.dll
0x00007ffea5800000 - 0x00007ffea581c000 	C:\WINDOWS\system32\NLAapi.dll
0x00007ffea4720000 - 0x00007ffea4735000 	C:\WINDOWS\system32\wshbth.dll
0x00007ffe669e0000 - 0x00007ffe669f2000 	C:\Program Files\Java\jre1.8.0_241\bin\nio.dll
0x00007ffea8880000 - 0x00007ffea88b3000 	C:\WINDOWS\system32\rsaenh.dll
0x00007ffea9390000 - 0x00007ffea93b5000 	C:\WINDOWS\SYSTEM32\USERENV.dll
0x00007ffea8ee0000 - 0x00007ffea8eec000 	C:\WINDOWS\SYSTEM32\CRYPTBASE.dll
0x00007ffe46e00000 - 0x00007ffe46e24000 	C:\Program Files\Java\jre1.8.0_241\bin\sunec.dll
0x00007ffea2800000 - 0x00007ffea280b000 	C:\Program Files\Java\jre1.8.0_241\bin\sunmscapi.dll
0x00007ffea9a50000 - 0x00007ffea9b99000 	C:\WINDOWS\System32\CRYPT32.dll
0x00007ffea9500000 - 0x00007ffea9512000 	C:\WINDOWS\System32\MSASN1.dll

VM Arguments:
jvm_args: -Dfile.encoding=UTF-8 
java_command: com.target11.microservices.expensetemplateservice.ExpenseTemplateServiceApplication
java_class_path (initial): D:\Software\Repository\Java Microservices Code OFF\expense-template-service\target\classes;C:\Users\Mandeep Singh\.m2\repository\org\springframework\boot\spring-boot-starter-actuator\2.2.5.RELEASE\spring-boot-starter-actuator-2.2.5.RELEASE.jar;C:\Users\Mandeep Singh\.m2\repository\org\springframework\boot\spring-boot-starter\2.2.5.RELEASE\spring-boot-starter-2.2.5.RELEASE.jar;C:\Users\Mandeep Singh\.m2\repository\org\springframework\boot\spring-boot-starter-logging\2.2.5.RELEASE\spring-boot-starter-logging-2.2.5.RELEASE.jar;C:\Users\Mandeep Singh\.m2\repository\ch\qos\logback\logback-classic\1.2.3\logback-classic-1.2.3.jar;C:\Users\Mandeep Singh\.m2\repository\ch\qos\logback\logback-core\1.2.3\logback-core-1.2.3.jar;C:\Users\Mandeep Singh\.m2\repository\org\apache\logging\log4j\log4j-to-slf4j\2.12.1\log4j-to-slf4j-2.12.1.jar;C:\Users\Mandeep Singh\.m2\repository\org\apache\logging\log4j\log4j-api\2.12.1\log4j-api-2.12.1.jar;C:\Users\Mandeep Singh\.m2\repository\org\slf4j\jul-to-slf4j\1.7.30\jul-to-slf4j-1.7.30.jar;C:\Users\Mandeep Singh\.m2\repository\jakarta\annotation\jakarta.annotation-api\1.3.5\jakarta.annotation-api-1.3.5.jar;C:\Users\Mandeep Singh\.m2\repository\org\yaml\snakeyaml\1.25\snakeyaml-1.25.jar;C:\Users\Mandeep Singh\.m2\repository\org\springframework\boot\spring-boot-actuator-autoconfigure\2.2.5.RELEASE\spring-boot-actuator-autoconfigure-2.2.5.RELEASE.jar;C:\Users\Mandeep Singh\.m2\repository\org\springframework\boot\spring-boot-actuator\2.2.5.RELEASE\spring-boot-actuator-2.2.5.RELEASE.jar;C:\Users\Mandeep Singh\.m2\repository\org\springframework\spring-context\5.2.4.RELEASE\spring-context-5.2.4.RELEASE.jar;C:\Users\Mandeep Singh\.m2\repository\com\fasterxml\jackson\datatype\jackson-datatype-jsr310\2.10.2\jackson-datatype-jsr310-2.10.2.jar;C:\Users\Mandeep Singh\.m2\repository\io\micrometer\micrometer-core\1.3.5\micrometer-core-1.3.5.jar;C:\Users\Mandeep Singh\.m2\repository\org\hdrhistogram\HdrHistogram\2.1.11\HdrHistog
Launcher Type: SUN_STANDARD

Environment Variables:
JAVA_HOME=C:\Program Files\Java\jdk1.8.0_241
PATH=C:/Program Files/Java/jre1.8.0_241/bin/server;C:/Program Files/Java/jre1.8.0_241/bin;C:/Program Files/Java/jre1.8.0_241/lib/amd64;C:\Program Files (x86)\Common Files\Oracle\Java\javapath;C:\Windows\system32;C:\Windows;C:\Windows\System32\Wbem;C:\Windows\System32\WindowsPowerShell\v1.0\;C:\Windows\System32\OpenSSH\;C:\Program Files (x86)\NVIDIA Corporation\PhysX\Common;C:\Program Files\NVIDIA Corporation\NVIDIA NvDLISR;C:\Program Files\Git\cmd;C:\WINDOWS\system32;C:\WINDOWS;C:\WINDOWS\System32\Wbem;C:\WINDOWS\System32\WindowsPowerShell\v1.0\;C:\WINDOWS\System32\OpenSSH\;C:\apache-maven-3.6.3\bin;C:\Users\Mandeep Singh\AppData\Local\Microsoft\WindowsApps;C:\Users\Mandeep Singh\AppData\Local\GitHubDesktop\bin;C:\Program Files\Docker Toolbox;C:\Users\Mandeep Singh\AppData\Local\Microsoft\WindowsApps;;C:\Program Files (x86)\Microsoft VS Code\bin;D:\Software\Java Related\spring-tool-suite-3.9.11.RELEASE-e4.14.0-win32-x86_64\sts-bundle\sts-3.9.11.RELEASE;
USERNAME=Mandeep Singh
OS=Windows_NT
PROCESSOR_IDENTIFIER=Intel64 Family 6 Model 142 Stepping 12, GenuineIntel



---------------  S Y S T E M  ---------------

OS: Windows 10.0 , 64 bit Build 18362 (10.0.18362.329)

CPU:total 8 (initial active 8) (4 cores per cpu, 2 threads per core) family 6 model 142 stepping 12, cmov, cx8, fxsr, mmx, sse, sse2, sse3, ssse3, sse4.1, sse4.2, popcnt, avx, avx2, aes, clmul, erms, 3dnowpref, lzcnt, ht, tsc, tscinvbit, bmi1, bmi2, adx

Memory: 4k page, physical 8197876k(330540k free), swap 33363700k(3092k free)

vm_info: Java HotSpot(TM) 64-Bit Server VM (25.241-b07) for windows-amd64 JRE (1.8.0_241-b07), built on Dec 11 2019 10:21:40 by "rejava" with MS VC++ 10.0 (VS2010)

time: Sat Mar 14 16:01:21 2020
timezone: India Standard Time
elapsed time: 10 seconds (0d 0h 0m 10s)

